# JRE version: Java(TM) SE Runtime Environment (8.0_171-b11) (build 1.8.0_171-b11)
# Java VM: Java HotSpot(TM) 64-Bit Server VM (25.171-b11 mixed mode windows-amd64 compressed oops)
Heap:
 PSYoungGen      total 38400K, used 34465K [0x0000000795f00000, 0x000000079af00000, 0x00000007c0000000)
  eden space 33280K, 88% used [0x0000000795f00000,0x0000000797bb05a0,0x0000000797f80000)
  from space 5120K, 99% used [0x0000000797f80000,0x0000000798478020,0x0000000798480000)
  to   space 7680K, 0% used [0x000000079a780000,0x000000079a780000,0x000000079af00000)
 ParOldGen       total 87552K, used 3292K [0x0000000741c00000, 0x0000000747180000, 0x0000000795f00000)
  object space 87552K, 3% used [0x0000000741c00000,0x0000000741f372f0,0x0000000747180000)
 Metaspace       used 19248K, capacity 19552K, committed 19968K, reserved 1067008K
  class space    used 2363K, capacity 2452K, committed 2560K, reserved 1048576K
GC Heap History (10 events):
Event: 11.594 GC heap before
{Heap before GC invocations=1 (full 0):
 PSYoungGen      total 38400K, used 33263K [0x0000000795f00000, 0x0000000798980000, 0x00000007c0000000)
  eden space 33280K, 99% used [0x0000000795f00000,0x0000000797f7bd08,0x0000000797f80000)
  from space 5120K, 0% used [0x0000000798480000,0x0000000798480000,0x0000000798980000)
  to   space 5120K, 0% used [0x0000000797f80000,0x0000000797f80000,0x0000000798480000)
 ParOldGen       total 87552K, used 0K [0x0000000741c00000, 0x0000000747180000, 0x0000000795f00000)
  object space 87552K, 0% used [0x0000000741c00000,0x0000000741c00000,0x0000000747180000)
 Metaspace       used 6254K, capacity 6370K, committed 6400K, reserved 1056768K
  class space    used 745K, capacity 759K, committed 768K, reserved 1048576K
Event: 11.602 GC heap after
Heap after GC invocations=1 (full 0):
 PSYoungGen      total 38400K, used 3594K [0x0000000795f00000, 0x0000000798980000, 0x00000007c0000000)
  eden space 33280K, 0% used [0x0000000795f00000,0x0000000795f00000,0x0000000797f80000)
  from space 5120K, 70% used [0x0000000797f80000,0x00000007983029d0,0x0000000798480000)
  to   space 5120K, 0% used [0x0000000798480000,0x0000000798480000,0x0000000798980000)
 ParOldGen       total 87552K, used 8K [0x0000000741c00000, 0x0000000747180000, 0x0000000795f00000)
  object space 87552K, 0% used [0x0000000741c00000,0x0000000741c02000,0x0000000747180000)
 Metaspace       used 6254K, capacity 6370K, committed 6400K, reserved 1056768K
  class space    used 745K, capacity 759K, committed 768K, reserved 1048576K
}
Event: 12.570 GC heap before
{Heap before GC invocations=2 (full 0):
 PSYoungGen      total 38400K, used 36874K [0x0000000795f00000, 0x0000000798980000, 0x00000007c0000000)
  eden space 33280K, 100% used [0x0000000795f00000,0x0000000797f80000,0x0000000797f80000)
  from space 5120K, 70% used [0x0000000797f80000,0x00000007983029d0,0x0000000798480000)
  to   space 5120K, 0% used [0x0000000798480000,0x0000000798480000,0x0000000798980000)
 ParOldGen       total 87552K, used 8K [0x0000000741c00000, 0x0000000747180000, 0x0000000795f00000)
  object space 87552K, 0% used [0x0000000741c00000,0x0000000741c02000,0x0000000747180000)
 Metaspace       used 8702K, capacity 8872K, committed 9088K, reserved 1056768K
  class space    used 1105K, capacity 1145K, committed 1152K, reserved 1048576K
Event: 12.581 GC heap after
Heap after GC invocations=2 (full 0):
 PSYoungGen      total 38400K, used 3951K [0x0000000795f00000, 0x0000000798980000, 0x00000007c0000000)
  eden space 33280K, 0% used [0x0000000795f00000,0x0000000795f00000,0x0000000797f80000)
  from space 5120K, 77% used [0x0000000798480000,0x000000079885bc38,0x0000000798980000)
  to   space 5120K, 0% used [0x0000000797f80000,0x0000000797f80000,0x0000000798480000)
 ParOldGen       total 87552K, used 16K [0x0000000741c00000, 0x0000000747180000, 0x0000000795f00000)
  object space 87552K, 0% used [0x0000000741c00000,0x0000000741c04000,0x0000000747180000)
 Metaspace       used 8702K, capacity 8872K, committed 9088K, reserved 1056768K
  class space    used 1105K, capacity 1145K, committed 1152K, reserved 1048576K
}
Event: 13.017 GC heap before
{Heap before GC invocations=3 (full 0):
 PSYoungGen      total 38400K, used 37229K [0x0000000795f00000, 0x0000000798980000, 0x00000007c0000000)
  eden space 33280K, 99% used [0x0000000795f00000,0x0000000797f7f8b8,0x0000000797f80000)
  from space 5120K, 77% used [0x0000000798480000,0x000000079885bc38,0x0000000798980000)
  to   space 5120K, 0% used [0x0000000797f80000,0x0000000797f80000,0x0000000798480000)
 ParOldGen       total 87552K, used 16K [0x0000000741c00000, 0x0000000747180000, 0x0000000795f00000)
  object space 87552K, 0% used [0x0000000741c00000,0x0000000741c04000,0x0000000747180000)
 Metaspace       used 12537K, capacity 12718K, committed 12928K, reserved 1060864K
  class space    used 1561K, capacity 1594K, committed 1664K, reserved 1048576K
Event: 13.024 GC heap after
Heap after GC invocations=3 (full 0):
 PSYoungGen      total 38400K, used 5090K [0x0000000795f00000, 0x0000000798980000, 0x00000007c0000000)
  eden space 33280K, 0% used [0x0000000795f00000,0x0000000795f00000,0x0000000797f80000)
  from space 5120K, 99% used [0x0000000797f80000,0x00000007984789b8,0x0000000798480000)
  to   space 5120K, 0% used [0x0000000798480000,0x0000000798480000,0x0000000798980000)
 ParOldGen       total 87552K, used 1182K [0x0000000741c00000, 0x0000000747180000, 0x0000000795f00000)
  object space 87552K, 1% used [0x0000000741c00000,0x0000000741d27a88,0x0000000747180000)
 Metaspace       used 12537K, capacity 12718K, committed 12928K, reserved 1060864K
  class space    used 1561K, capacity 1594K, committed 1664K, reserved 1048576K
}
Event: 13.769 GC heap before
{Heap before GC invocations=4 (full 0):
 PSYoungGen      total 38400K, used 38370K [0x0000000795f00000, 0x0000000798980000, 0x00000007c0000000)
  eden space 33280K, 100% used [0x0000000795f00000,0x0000000797f80000,0x0000000797f80000)
  from space 5120K, 99% used [0x0000000797f80000,0x00000007984789b8,0x0000000798480000)
  to   space 5120K, 0% used [0x0000000798480000,0x0000000798480000,0x0000000798980000)
 ParOldGen       total 87552K, used 1182K [0x0000000741c00000, 0x0000000747180000, 0x0000000795f00000)
  object space 87552K, 1% used [0x0000000741c00000,0x0000000741d27a88,0x0000000747180000)
 Metaspace       used 16822K, capacity 17122K, committed 17280K, reserved 1064960K
  class space    used 2078K, capacity 2136K, committed 2176K, reserved 1048576K
Event: 13.786 GC heap after
Heap after GC invocations=4 (full 0):
 PSYoungGen      total 38400K, used 5103K [0x0000000795f00000, 0x000000079aa00000, 0x00000007c0000000)
  eden space 33280K, 0% used [0x0000000795f00000,0x0000000795f00000,0x0000000797f80000)
  from space 5120K, 99% used [0x0000000798480000,0x000000079897bc00,0x0000000798980000)
  to   space 5120K, 0% used [0x0000000797f80000,0x0000000797f80000,0x0000000798480000)
 ParOldGen       total 87552K, used 2323K [0x0000000741c00000, 0x0000000747180000, 0x0000000795f00000)
  object space 87552K, 2% used [0x0000000741c00000,0x0000000741e44f50,0x0000000747180000)
 Metaspace       used 16822K, capacity 17122K, committed 17280K, reserved 1064960K
  class space    used 2078K, capacity 2136K, committed 2176K, reserved 1048576K
}
Event: 14.423 GC heap before
{Heap before GC invocations=5 (full 0):
 PSYoungGen      total 38400K, used 38383K [0x0000000795f00000, 0x000000079aa00000, 0x00000007c0000000)
  eden space 33280K, 100% used [0x0000000795f00000,0x0000000797f80000,0x0000000797f80000)
  from space 5120K, 99% used [0x0000000798480000,0x000000079897bc00,0x0000000798980000)
  to   space 5120K, 0% used [0x0000000797f80000,0x0000000797f80000,0x0000000798480000)
 ParOldGen       total 87552K, used 2323K [0x0000000741c00000, 0x0000000747180000, 0x0000000795f00000)
  object space 87552K, 2% used [0x0000000741c00000,0x0000000741e44f50,0x0000000747180000)
 Metaspace       used 18941K, capacity 19252K, committed 19584K, reserved 1067008K
  class space    used 2331K, capacity 2418K, committed 2432K, reserved 1048576K
Event: 14.437 GC heap after
Heap after GC invocations=5 (full 0):
 PSYoungGen      total 38400K, used 5088K [0x0000000795f00000, 0x000000079af00000, 0x00000007c0000000)
  eden space 33280K, 0% used [0x0000000795f00000,0x0000000795f00000,0x0000000797f80000)
  from space 5120K, 99% used [0x0000000797f80000,0x0000000798478020,0x0000000798480000)
  to   space 7680K, 0% used [0x000000079a780000,0x000000079a780000,0x000000079af00000)
 ParOldGen       total 87552K, used 3292K [0x0000000741c00000, 0x0000000747180000, 0x0000000795f00000)
  object space 87552K, 3% used [0x0000000741c00000,0x0000000741f372f0,0x0000000747180000)
 Metaspace       used 18941K, capacity 19252K, committed 19584K, reserved 1067008K
  class space    used 2331K, capacity 2418K, committed 2432K, reserved 1048576K
}

